# JRE version: Java(TM) SE Runtime Environment (12.0.2+10) (build 12.0.2+10)
# Java VM: Java HotSpot(TM) 64-Bit Server VM (12.0.2+10, mixed mode, sharing, tiered, compressed oops, g1 gc, windows-amd64)
Heap:
 garbage-first heap   total 10240K, used 4231K [0x00000000c2800000, 0x0000000100000000)
  region size 1024K, 1 young (1024K), 1 survivors (1024K)
 Metaspace       used 8150K, capacity 11213K, committed 11264K, reserved 1058816K
  class space    used 941K, capacity 1276K, committed 1280K, reserved 1048576K
GC Heap History (10 events):
Event: 3.000 GC heap after
{Heap after GC invocations=5 (full 0):
 garbage-first heap   total 8192K, used 2751K [0x00000000c2800000, 0x0000000100000000)
  region size 1024K, 1 young (1024K), 1 survivors (1024K)
 Metaspace       used 7535K, capacity 10878K, committed 11008K, reserved 1058816K
  class space    used 884K, capacity 1207K, committed 1280K, reserved 1048576K
}
Event: 3.453 GC heap before
{Heap before GC invocations=5 (full 0):
 garbage-first heap   total 8192K, used 3775K [0x00000000c2800000, 0x0000000100000000)
  region size 1024K, 2 young (2048K), 1 survivors (1024K)
 Metaspace       used 7703K, capacity 10966K, committed 11264K, reserved 1058816K
  class space    used 900K, capacity 1215K, committed 1280K, reserved 1048576K
}
Event: 3.456 GC heap after
{Heap after GC invocations=6 (full 0):
 garbage-first heap   total 8192K, used 3035K [0x00000000c2800000, 0x0000000100000000)
  region size 1024K, 1 young (1024K), 1 survivors (1024K)
 Metaspace       used 7703K, capacity 10966K, committed 11264K, reserved 1058816K
  class space    used 900K, capacity 1215K, committed 1280K, reserved 1048576K
}
Event: 3.787 GC heap before
{Heap before GC invocations=6 (full 0):
 garbage-first heap   total 8192K, used 4059K [0x00000000c2800000, 0x0000000100000000)
  region size 1024K, 2 young (2048K), 1 survivors (1024K)
 Metaspace       used 7957K, capacity 11087K, committed 11264K, reserved 1058816K
  class space    used 919K, capacity 1255K, committed 1280K, reserved 1048576K
}
Event: 3.793 GC heap after
{Heap after GC invocations=7 (full 0):
 garbage-first heap   total 8192K, used 3396K [0x00000000c2800000, 0x0000000100000000)
  region size 1024K, 1 young (1024K), 1 survivors (1024K)
 Metaspace       used 7957K, capacity 11087K, committed 11264K, reserved 1058816K
  class space    used 919K, capacity 1255K, committed 1280K, reserved 1048576K
}
Event: 4.113 GC heap before
{Heap before GC invocations=7 (full 0):
 garbage-first heap   total 8192K, used 4420K [0x00000000c2800000, 0x0000000100000000)
  region size 1024K, 2 young (2048K), 1 survivors (1024K)
 Metaspace       used 8016K, capacity 11113K, committed 11264K, reserved 1058816K
  class space    used 926K, capacity 1264K, committed 1280K, reserved 1048576K
}
Event: 4.121 GC heap after
{Heap after GC invocations=8 (full 0):
 garbage-first heap   total 8192K, used 3900K [0x00000000c2800000, 0x0000000100000000)
  region size 1024K, 1 young (1024K), 1 survivors (1024K)
 Metaspace       used 8016K, capacity 11113K, committed 11264K, reserved 1058816K
  class space    used 926K, capacity 1264K, committed 1280K, reserved 1048576K
}
Event: 4.281 GC heap before
{Heap before GC invocations=8 (full 0):
 garbage-first heap   total 8192K, used 4924K [0x00000000c2800000, 0x0000000100000000)
  region size 1024K, 2 young (2048K), 1 survivors (1024K)
 Metaspace       used 8102K, capacity 11200K, committed 11264K, reserved 1058816K
  class space    used 937K, capacity 1272K, committed 1280K, reserved 1048576K
}
Event: 4.290 GC heap after
{Heap after GC invocations=9 (full 0):
 garbage-first heap   total 8192K, used 4094K [0x00000000c2800000, 0x0000000100000000)
  region size 1024K, 1 young (1024K), 1 survivors (1024K)
 Metaspace       used 8102K, capacity 11200K, committed 11264K, reserved 1058816K
  class space    used 937K, capacity 1272K, committed 1280K, reserved 1048576K
}
Event: 4.398 GC heap before
{Heap before GC invocations=9 (full 0):
 garbage-first heap   total 8192K, used 5118K [0x00000000c2800000, 0x0000000100000000)
  region size 1024K, 2 young (2048K), 1 survivors (1024K)
 Metaspace       used 8150K, capacity 11213K, committed 11264K, reserved 1058816K
  class space    used 941K, capacity 1276K, committed 1280K, reserved 1048576K
}

