# JRE version: Java(TM) SE Runtime Environment (12.0.2+10) (build 12.0.2+10)
# Java VM: Java HotSpot(TM) 64-Bit Server VM (12.0.2+10, mixed mode, sharing, tiered, compressed oops, g1 gc, windows-amd64)
Heap:
 garbage-first heap   total 15360K, used 7675K [0x00000000c2800000, 0x0000000100000000)
  region size 1024K, 4 young (4096K), 1 survivors (1024K)
 Metaspace       used 8509K, capacity 11468K, committed 11648K, reserved 1058816K
  class space    used 975K, capacity 1296K, committed 1408K, reserved 1048576K
GC Heap History (10 events):
Event: 4.024 GC heap before
{Heap before GC invocations=8 (full 0):
 garbage-first heap   total 12288K, used 6379K [0x00000000c2800000, 0x0000000100000000)
  region size 1024K, 3 young (3072K), 1 survivors (1024K)
 Metaspace       used 8241K, capacity 11288K, committed 11520K, reserved 1058816K
  class space    used 947K, capacity 1280K, committed 1280K, reserved 1048576K
}
Event: 4.026 GC heap after
{Heap after GC invocations=9 (full 0):
 garbage-first heap   total 12288K, used 4452K [0x00000000c2800000, 0x0000000100000000)
  region size 1024K, 1 young (1024K), 1 survivors (1024K)
 Metaspace       used 8241K, capacity 11288K, committed 11520K, reserved 1058816K
  class space    used 947K, capacity 1280K, committed 1280K, reserved 1048576K
}
Event: 4.110 GC heap before
{Heap before GC invocations=9 (full 0):
 garbage-first heap   total 12288K, used 6500K [0x00000000c2800000, 0x0000000100000000)
  region size 1024K, 3 young (3072K), 1 survivors (1024K)
 Metaspace       used 8257K, capacity 11291K, committed 11520K, reserved 1058816K
  class space    used 947K, capacity 1280K, committed 1280K, reserved 1048576K
}
Event: 4.113 GC heap after
{Heap after GC invocations=10 (full 0):
 garbage-first heap   total 12288K, used 4799K [0x00000000c2800000, 0x0000000100000000)
  region size 1024K, 1 young (1024K), 1 survivors (1024K)
 Metaspace       used 8257K, capacity 11291K, committed 11520K, reserved 1058816K
  class space    used 947K, capacity 1280K, committed 1280K, reserved 1048576K
}
Event: 4.118 GC heap before
{Heap before GC invocations=10 (full 0):
 garbage-first heap   total 12288K, used 6847K [0x00000000c2800000, 0x0000000100000000)
  region size 1024K, 3 young (3072K), 1 survivors (1024K)
 Metaspace       used 8257K, capacity 11291K, committed 11520K, reserved 1058816K
  class space    used 947K, capacity 1280K, committed 1280K, reserved 1048576K
}
Event: 4.122 GC heap after
{Heap after GC invocations=11 (full 0):
 garbage-first heap   total 12288K, used 4979K [0x00000000c2800000, 0x0000000100000000)
  region size 1024K, 1 young (1024K), 1 survivors (1024K)
 Metaspace       used 8257K, capacity 11291K, committed 11520K, reserved 1058816K
  class space    used 947K, capacity 1280K, committed 1280K, reserved 1048576K
}
Event: 4.154 GC heap before
{Heap before GC invocations=11 (full 0):
 garbage-first heap   total 12288K, used 6003K [0x00000000c2800000, 0x0000000100000000)
  region size 1024K, 2 young (2048K), 1 survivors (1024K)
 Metaspace       used 8270K, capacity 11291K, committed 11520K, reserved 1058816K
  class space    used 947K, capacity 1280K, committed 1280K, reserved 1048576K
}
Event: 4.158 GC heap after
{Heap after GC invocations=12 (full 0):
 garbage-first heap   total 15360K, used 5031K [0x00000000c2800000, 0x0000000100000000)
  region size 1024K, 1 young (1024K), 1 survivors (1024K)
 Metaspace       used 8270K, capacity 11291K, committed 11520K, reserved 1058816K
  class space    used 947K, capacity 1280K, committed 1280K, reserved 1048576K
}
Event: 4.318 GC heap before
{Heap before GC invocations=12 (full 0):
 garbage-first heap   total 15360K, used 8103K [0x00000000c2800000, 0x0000000100000000)
  region size 1024K, 4 young (4096K), 1 survivors (1024K)
 Metaspace       used 8405K, capacity 11379K, committed 11648K, reserved 1058816K
  class space    used 964K, capacity 1288K, committed 1408K, reserved 1048576K
}
Event: 4.321 GC heap after
{Heap after GC invocations=13 (full 0):
 garbage-first heap   total 15360K, used 5627K [0x00000000c2800000, 0x0000000100000000)
  region size 1024K, 1 young (1024K), 1 survivors (1024K)
 Metaspace       used 8405K, capacity 11379K, committed 11648K, reserved 1058816K
  class space    used 964K, capacity 1288K, committed 1408K, reserved 1048576K
}

